<?xml version="1.0" encoding="UTF-8"?>
<testsuite name="com.bridgelabz.TestMaximumNumber" tests="1" skipped="0" failures="0" errors="0" timestamp="2020-05-08T20:38:52" hostname="ayush-Vostro-3546" time="0.003">
  <properties/>
  <testcase name="testinteger" classname="com.bridgelabz.TestMaximumNumber" time="0.003"/>
  <system-out><![CDATA[]]></system-out>
  <system-err><![CDATA[]]></system-err>
</testsuite>
