<?xml version="1.0" encoding="UTF-8"?>
<testsuite name="com.bridgelabz.TestMaximumNumber" tests="1" skipped="0" failures="0" errors="0" timestamp="2020-05-08T19:36:04" hostname="ayush-Vostro-3546" time="0.002">
  <properties/>
  <testcase name="testinteger" classname="com.bridgelabz.TestMaximumNumber" time="0.002"/>
  <system-out><![CDATA[]]></system-out>
  <system-err><![CDATA[]]></system-err>
</testsuite>
